Added Component: Designator=C1(CAPACITOR)
Add component (AddParameter): Name = "Manufacture"; Value = "AVX"; VariantName = "[No Variations]"
Add component (AddParameter): Name = "Manufacture Part Number"; Value = "AR205F104K4R"; VariantName = "[No Variations]"
Added Component: Designator=C2(POL CAP)
Add component (AddParameter): Name = "Manufacture"; Value = "Panasonic"; VariantName = "[No Variations]"
Add component (AddParameter): Name = "Manufacture Part Number"; Value = "EEUEB1J100SB"; VariantName = "[No Variations]"
Added Component: Designator=C3(CAPACITOR)
Add component (AddParameter): Name = "Manufacture"; Value = "AVX"; VariantName = "[No Variations]"
Add component (AddParameter): Name = "Manufacture Part Number"; Value = "AR205F104K4R"; VariantName = "[No Variations]"
Added Component: Designator=C4(CAPACITOR)
Add component (AddParameter): Name = "Manufacture"; Value = "AVX"; VariantName = "[No Variations]"
Add component (AddParameter): Name = "Manufacture Part Number"; Value = "AR205F104K4R"; VariantName = "[No Variations]"
Added Component: Designator=C5(POL CAP)
Add component (AddParameter): Name = "Manufacture"; Value = "Panasonic"; VariantName = "[No Variations]"
Add component (AddParameter): Name = "Manufacture Part Number"; Value = "EEUEB1J100SB"; VariantName = "[No Variations]"
Added Component: Designator=C6(CAPACITOR)
Add component (AddParameter): Name = "Manufacture"; Value = "AVX"; VariantName = "[No Variations]"
Add component (AddParameter): Name = "Manufacture Part Number"; Value = "AR205F104K4R"; VariantName = "[No Variations]"
Added Component: Designator=D1(LED)
Add component (AddParameter): Name = "Manufacture"; Value = "Wurth Electronics"; VariantName = "[No Variations]"
Add component (AddParameter): Name = "manufacture Part Number"; Value = "151033GS03000"; VariantName = "[No Variations]"
Added Component: Designator=D2(LED)
Add component (AddParameter): Name = "Manufacture"; Value = "Wurth Electronics"; VariantName = "[No Variations]"
Add component (AddParameter): Name = "manufacture Part Number"; Value = "151033GS03000"; VariantName = "[No Variations]"
Added Component: Designator=J1(POWER JACK SOCKET)
Add component (AddParameter): Name = "Manufacture"; Value = "MPD (Memory Protection Devices)"; VariantName = "[No Variations]"
Add component (AddParameter): Name = "Manufacture Part Number"; Value = "EJ508A"; VariantName = "[No Variations]"
Added Component: Designator=P1(TERMINAL BLOCK)
Added Component: Designator=P2(TERMINAL BLOCK)
Added Component: Designator=P3(TERMINAL BLOCK)
Added Component: Designator=R1(RESISTOR)
Added Component: Designator=R2(RESISTOR)
Added Component: Designator=VR1(REGULATOR7805)
Add component (AddParameter): Name = "Manufacture"; Value = "STMicroelectronics"; VariantName = "[No Variations]"
Add component (AddParameter): Name = "Manufacture Part Number"; Value = "7805CV"; VariantName = "[No Variations]"
Added Component: Designator=VR2(REGULATOR7812)
Add component (AddParameter): Name = "Manufacture"; Value = "STMicroelectronics"; VariantName = "[No Variations]"
Add component (AddParameter): Name = "Manufacture Part Number"; Value = "L7812CV"; VariantName = "[No Variations]"
Added Pin To Net: NetName=GND Pin=C1-2
Added Pin To Net: NetName=GND Pin=C2-2
Added Pin To Net: NetName=GND Pin=C3-2
Added Pin To Net: NetName=GND Pin=C4-2
Added Pin To Net: NetName=GND Pin=C5-2
Added Pin To Net: NetName=GND Pin=C6-2
Added Pin To Net: NetName=GND Pin=D1-2
Added Pin To Net: NetName=GND Pin=D2-2
Added Pin To Net: NetName=GND Pin=J1-2
Added Pin To Net: NetName=GND Pin=J1-3
Added Pin To Net: NetName=GND Pin=P1-2
Added Pin To Net: NetName=GND Pin=P2-1
Added Pin To Net: NetName=GND Pin=P3-1
Added Pin To Net: NetName=GND Pin=VR1-3
Added Pin To Net: NetName=GND Pin=VR2-3
Added Net: Name=GND
Added Pin To Net: NetName=NetC1_1 Pin=C1-1
Added Pin To Net: NetName=NetC1_1 Pin=C4-1
Added Pin To Net: NetName=NetC1_1 Pin=J1-1
Added Pin To Net: NetName=NetC1_1 Pin=P1-1
Added Pin To Net: NetName=NetC1_1 Pin=VR1-1
Added Pin To Net: NetName=NetC1_1 Pin=VR2-1
Added Net: Name=NetC1_1
Added Pin To Net: NetName=NetC2_1 Pin=C2-1
Added Pin To Net: NetName=NetC2_1 Pin=C3-1
Added Pin To Net: NetName=NetC2_1 Pin=P2-2
Added Pin To Net: NetName=NetC2_1 Pin=R1-2
Added Pin To Net: NetName=NetC2_1 Pin=VR1-2
Added Net: Name=NetC2_1
Added Pin To Net: NetName=NetC5_1 Pin=C5-1
Added Pin To Net: NetName=NetC5_1 Pin=C6-1
Added Pin To Net: NetName=NetC5_1 Pin=P3-2
Added Pin To Net: NetName=NetC5_1 Pin=R2-2
Added Pin To Net: NetName=NetC5_1 Pin=VR2-2
Added Net: Name=NetC5_1
Added Pin To Net: NetName=NetD1_1 Pin=D1-1
Added Pin To Net: NetName=NetD1_1 Pin=R1-1
Added Net: Name=NetD1_1
Added Pin To Net: NetName=NetD2_1 Pin=D2-1
Added Pin To Net: NetName=NetD2_1 Pin=R2-1
Added Net: Name=NetD2_1
Added Class: Name=Power Supply
Added Room: Name=Power Supply
